<?xml version="1.0" encoding="UTF-8"?>
<testsuite name="TestMonde" tests="7" skipped="0" failures="1" errors="0" timestamp="2022-05-04T13:51:42" hostname="U-INF-J-C003-16" time="0.042">
  <properties/>
  <testcase name="mondeTrie()" classname="TestMonde" time="0.021"/>
  <testcase name="tailleEtAjouter()" classname="TestMonde" time="0.0"/>
  <testcase name="mondeTrieTab()" classname="TestMonde" time="0.007"/>
  <testcase name="plusPeuple5()" classname="TestMonde" time="0.001"/>
  <testcase name="getPays()" classname="TestMonde" time="0.002"/>
  <testcase name="plusPeupleVatican()" classname="TestMonde" time="0.002"/>
  <testcase name="getPays2()" classname="TestMonde" time="0.006">
    <failure message="java.lang.IndexOutOfBoundsException: Index -1 out of bounds for length 196" type="java.lang.IndexOutOfBoundsException">java.lang.IndexOutOfBoundsException: Index -1 out of bounds for length 196
	at java.base/jdk.internal.util.Preconditions.outOfBounds(Preconditions.java:64)
	at java.base/jdk.internal.util.Preconditions.outOfBoundsCheckIndex(Preconditions.java:70)
	at java.base/jdk.internal.util.Preconditions.checkIndex(Preconditions.java:248)
	at java.base/java.util.Objects.checkIndex(Objects.java:373)
	at java.base/java.util.ArrayList.get(ArrayList.java:427)
	at exo2.Monde.getPays2(Monde.kt:66)
	at TestMonde.getPays2(TestMonde.kt:47)
	at java.base/jdk.internal.reflect.NativeMethodAccessorImpl.invoke0(Native Method)
	at java.base/jdk.internal.reflect.NativeMethodAccessorImpl.invoke(NativeMethodAccessorImpl.java:62)
	at java.base/jdk.internal.reflect.DelegatingMethodAccessorImpl.invoke(DelegatingMethodAccessorImpl.java:43)
	at java.base/java.lang.reflect.Method.invoke(Method.java:564)
	at org.junit.platform.commons.util.ReflectionUtils.invokeMethod(ReflectionUtils.java:725)
	at org.junit.jupiter.engine.execution.MethodInvocation.proceed(MethodInvocation.java:60)
	at org.junit.jupiter.engine.execution.InvocationInterceptorChain$ValidatingInvocation.proceed(InvocationInterceptorChain.java:131)
	at org.junit.jupiter.engine.extension.TimeoutExtension.intercept(TimeoutExtension.java:149)
	at org.junit.jupiter.engine.extension.TimeoutExtension.interceptTestableMethod(TimeoutExtension.java:140)
	at org.junit.jupiter.engine.extension.TimeoutExtension.interceptTestMethod(TimeoutExtension.java:84)
	at org.junit.jupiter.engine.execution.ExecutableInvoker$ReflectiveInterceptorCall.lambda$ofVoidMethod$0(ExecutableInvoker.java:115)
	at org.junit.jupiter.engine.execution.ExecutableInvoker.lambda$invoke$0(ExecutableInvoker.java:105)
	at org.junit.jupiter.engine.execution.InvocationInterceptorChain$InterceptedInvocation.proceed(InvocationInterceptorChain.java:106)
	at org.junit.jupiter.engine.execution.InvocationInterceptorChain.proceed(InvocationInterceptorChain.java:64)
	at org.junit.jupiter.engine.execution.InvocationInterceptorChain.chainAndInvoke(InvocationInterceptorChain.java:45)
	at org.junit.jupiter.engine.execution.InvocationInterceptorChain.invoke(InvocationInterceptorChain.java:37)
	at org.junit.jupiter.engine.execution.ExecutableInvoker.invoke(ExecutableInvoker.java:104)
	at org.junit.jupiter.engine.execution.ExecutableInvoker.invoke(ExecutableInvoker.java:98)
	at org.junit.jupiter.engine.descriptor.TestMethodTestDescriptor.lambda$invokeTestMethod$7(TestMethodTestDescriptor.java:214)
	at org.junit.platform.engine.support.hierarchical.ThrowableCollector.execute(ThrowableCollector.java:73)
	at org.junit.jupiter.engine.descriptor.TestMethodTestDescriptor.invokeTestMethod(TestMethodTestDescriptor.java:210)
	at org.junit.jupiter.engine.descriptor.TestMethodTestDescriptor.execute(TestMethodTestDescriptor.java:135)
	at org.junit.jupiter.engine.descriptor.TestMethodTestDescriptor.execute(TestMethodTestDescriptor.java:66)
	at org.junit.platform.engine.support.hierarchical.NodeTestTask.lambda$executeRecursively$6(NodeTestTask.java:151)
	at org.junit.platform.engine.support.hierarchical.ThrowableCollector.execute(ThrowableCollector.java:73)
	at org.junit.platform.engine.support.hierarchical.NodeTestTask.lambda$executeRecursively$8(NodeTestTask.java:141)
	at org.junit.platform.engine.support.hierarchical.Node.around(Node.java:137)
	at org.junit.platform.engine.support.hierarchical.NodeTestTask.lambda$executeRecursively$9(NodeTestTask.java:139)
	at org.junit.platform.engine.support.hierarchical.ThrowableCollector.execute(ThrowableCollector.java:73)
	at org.junit.platform.engine.support.hierarchical.NodeTestTask.executeRecursively(NodeTestTask.java:138)
	at org.junit.platform.engine.support.hierarchical.NodeTestTask.execute(NodeTestTask.java:95)
	at java.base/java.util.ArrayList.forEach(ArrayList.java:1511)
	at org.junit.platform.engine.support.hierarchical.SameThreadHierarchicalTestExecutorService.invokeAll(SameThreadHierarchicalTestExecutorService.java:41)
	at org.junit.platform.engine.support.hierarchical.NodeTestTask.lambda$executeRecursively$6(NodeTestTask.java:155)
	at org.junit.platform.engine.support.hierarchical.ThrowableCollector.execute(ThrowableCollector.java:73)
	at org.junit.platform.engine.support.hierarchical.NodeTestTask.lambda$executeRecursively$8(NodeTestTask.java:141)
	at org.junit.platform.engine.support.hierarchical.Node.around(Node.java:137)
	at org.junit.platform.engine.support.hierarchical.NodeTestTask.lambda$executeRecursively$9(NodeTestTask.java:139)
	at org.junit.platform.engine.support.hierarchical.ThrowableCollector.execute(ThrowableCollector.java:73)
	at org.junit.platform.engine.support.hierarchical.NodeTestTask.executeRecursively(NodeTestTask.java:138)
	at org.junit.platform.engine.support.hierarchical.NodeTestTask.execute(NodeTestTask.java:95)
	at java.base/java.util.ArrayList.forEach(ArrayList.java:1511)
	at org.junit.platform.engine.support.hierarchical.SameThreadHierarchicalTestExecutorService.invokeAll(SameThreadHierarchicalTestExecutorService.java:41)
	at org.junit.platform.engine.support.hierarchical.NodeTestTask.lambda$executeRecursively$6(NodeTestTask.java:155)
	at org.junit.platform.engine.support.hierarchical.ThrowableCollector.execute(ThrowableCollector.java:73)
	at org.junit.platform.engine.support.hierarchical.NodeTestTask.lambda$executeRecursively$8(NodeTestTask.java:141)
	at org.junit.platform.engine.support.hierarchical.Node.around(Node.java:137)
	at org.junit.platform.engine.support.hierarchical.NodeTestTask.lambda$executeRecursively$9(NodeTestTask.java:139)
	at org.junit.platform.engine.support.hierarchical.ThrowableCollector.execute(ThrowableCollector.java:73)
	at org.junit.platform.engine.support.hierarchical.NodeTestTask.executeRecursively(NodeTestTask.java:138)
	at org.junit.platform.engine.support.hierarchical.NodeTestTask.execute(NodeTestTask.java:95)
	at org.junit.platform.engine.support.hierarchical.SameThreadHierarchicalTestExecutorService.submit(SameThreadHierarchicalTestExecutorService.java:35)
	at org.junit.platform.engine.support.hierarchical.HierarchicalTestExecutor.execute(HierarchicalTestExecutor.java:57)
	at org.junit.platform.engine.support.hierarchical.HierarchicalTestEngine.execute(HierarchicalTestEngine.java:54)
	at org.junit.platform.launcher.core.EngineExecutionOrchestrator.execute(EngineExecutionOrchestrator.java:108)
	at org.junit.platform.launcher.core.EngineExecutionOrchestrator.execute(EngineExecutionOrchestrator.java:88)
	at org.junit.platform.launcher.core.EngineExecutionOrchestrator.lambda$execute$0(EngineExecutionOrchestrator.java:54)
	at org.junit.platform.launcher.core.EngineExecutionOrchestrator.withInterceptedStreams(EngineExecutionOrchestrator.java:67)
	at org.junit.platform.launcher.core.EngineExecutionOrchestrator.execute(EngineExecutionOrchestrator.java:52)
	at org.junit.platform.launcher.core.DefaultLauncher.execute(DefaultLauncher.java:96)
	at org.junit.platform.launcher.core.DefaultLauncher.execute(DefaultLauncher.java:75)
	at org.gradle.api.internal.tasks.testing.junitplatform.JUnitPlatformTestClassProcessor$CollectAllTestClassesExecutor.processAllTestClasses(JUnitPlatformTestClassProcessor.java:99)
	at org.gradle.api.internal.tasks.testing.junitplatform.JUnitPlatformTestClassProcessor$CollectAllTestClassesExecutor.access$000(JUnitPlatformTestClassProcessor.java:79)
	at org.gradle.api.internal.tasks.testing.junitplatform.JUnitPlatformTestClassProcessor.stop(JUnitPlatformTestClassProcessor.java:75)
	at org.gradle.api.internal.tasks.testing.SuiteTestClassProcessor.stop(SuiteTestClassProcessor.java:61)
	at java.base/jdk.internal.reflect.NativeMethodAccessorImpl.invoke0(Native Method)
	at java.base/jdk.internal.reflect.NativeMethodAccessorImpl.invoke(NativeMethodAccessorImpl.java:62)
	at java.base/jdk.internal.reflect.DelegatingMethodAccessorImpl.invoke(DelegatingMethodAccessorImpl.java:43)
	at java.base/java.lang.reflect.Method.invoke(Method.java:564)
	at org.gradle.internal.dispatch.ReflectionDispatch.dispatch(ReflectionDispatch.java:36)
	at org.gradle.internal.dispatch.ReflectionDispatch.dispatch(ReflectionDispatch.java:24)
	at org.gradle.internal.dispatch.ContextClassLoaderDispatch.dispatch(ContextClassLoaderDispatch.java:33)
	at org.gradle.internal.dispatch.ProxyDispatchAdapter$DispatchingInvocationHandler.invoke(ProxyDispatchAdapter.java:94)
	at com.sun.proxy.$Proxy2.stop(Unknown Source)
	at org.gradle.api.internal.tasks.testing.worker.TestWorker.stop(TestWorker.java:135)
	at java.base/jdk.internal.reflect.NativeMethodAccessorImpl.invoke0(Native Method)
	at java.base/jdk.internal.reflect.NativeMethodAccessorImpl.invoke(NativeMethodAccessorImpl.java:62)
	at java.base/jdk.internal.reflect.DelegatingMethodAccessorImpl.invoke(DelegatingMethodAccessorImpl.java:43)
	at java.base/java.lang.reflect.Method.invoke(Method.java:564)
	at org.gradle.internal.dispatch.ReflectionDispatch.dispatch(ReflectionDispatch.java:36)
	at org.gradle.internal.dispatch.ReflectionDispatch.dispatch(ReflectionDispatch.java:24)
	at org.gradle.internal.remote.internal.hub.MessageHubBackedObjectConnection$DispatchWrapper.dispatch(MessageHubBackedObjectConnection.java:182)
	at org.gradle.internal.remote.internal.hub.MessageHubBackedObjectConnection$DispatchWrapper.dispatch(MessageHubBackedObjectConnection.java:164)
	at org.gradle.internal.remote.internal.hub.MessageHub$Handler.run(MessageHub.java:414)
	at org.gradle.internal.concurrent.ExecutorPolicy$CatchAndRecordFailures.onExecute(ExecutorPolicy.java:64)
	at org.gradle.internal.concurrent.ManagedExecutorImpl$1.run(ManagedExecutorImpl.java:48)
	at java.base/java.util.concurrent.ThreadPoolExecutor.runWorker(ThreadPoolExecutor.java:1130)
	at java.base/java.util.concurrent.ThreadPoolExecutor$Worker.run(ThreadPoolExecutor.java:630)
	at org.gradle.internal.concurrent.ThreadFactoryImpl$ManagedThreadRunnable.run(ThreadFactoryImpl.java:56)
	at java.base/java.lang.Thread.run(Thread.java:832)
</failure>
  </testcase>
  <system-out><![CDATA[﻿Afghanistan,Afrique du Sud,Albanie,Algérie,Allemagne,Andorre,Angola,Antigua-et-Barbuda,Arabie Saoudite,Argentine,Arménie,Australie,Autriche,Azerbaïdjan,Bahamas,Bahreïn,Bangladesh,Barbade,Belgique,Belize,Bénin,Bhoutan,Biélorussie,Birmanie,Bolivie,Bosnie-Herzégovine,Botswana,Brésil,Brunei,Bulgarie,Burkina Faso,Burundi,Cambodge,Cameroun,Canada,Cap-Vert,Chili,Chine,Chypre,Colombie,Comores,Congo,CoréeduNord,CoréeduSud,CostaRica,Côted'Ivoire,Croatie,Cuba,Danemark,Djibouti,Dominique,Egypte,Emirats Arabes Unis,Equateur,Erythrée,Espagne,Estonie,Etats-Unis,Ethiopie,Fidji,Finlande,France,Gabon,Gambie,Géorgie,Ghana,Grèce,Grenade,Guatemala,Guinée,Guinée-Bissau,Guinéeéquatoriale,Guyana,Haïti,Honduras,Hongrie,ÎleMaurice,Inde,Indonésie,Irak,Iran,Irlande,Islande,Israël,Italie,Jamaïque,Japon,Jordanie,Kazakhstan,Kenya,Kirghizistan,Kiribati,Kosovo,Koweït,Laos,Lesotho,Lettonie,Liban,Liberia,Libye,Liechtenstein,Lituanie,Luxembourg,Macédoine,Madagascar,Malaisie,Malawi,Maldives,Mali,Malte,Maroc,Marshall,Mauritanie,Mexique,Micronésie,Moldavie,Monaco,Mongolie,Monténégro,Mozambique,Namibie,Nauru,Népal,Nicaragua,Niger,Nigeria,Norvège,Nouvelle-Zélande,Oman,Ouganda,Ouzbékistan,Pakistan,Palaos,Palestine,Panama,Papouasie-Nouvelle-Guinée,Paraguay,Pays-Bas,Pérou,Philippines,Pologne,Portugal,Qatar,République Centrafricaine,République Démocratique du Congo,République Dominicaine,République Tchèque,Roumanie,Royaume-Uni,Russie,Rwanda,Saint-Kitts-et-Nevis,Saint-Marin,Saint-Vincent-et-les-Grenadines,Sainte-Lucie,Salomon,Salvador,Samoa,Sénégal,Serbie,Seychelles,Sierra Leone,Singapour,Slovaquie,Slovénie,Somalie,Soudan,Soudan du Sud,Sri Lanka,Suède,Suisse,Suriname,Swaziland,Syrie,Tadjikistan,Taïwan,Tanzanie,Tchad,Thaïlande,Timor-Oriental,Togo,Tonga,Trinité-et-Tobago,Tunisie,Turkménistan,Turquie,Tuvalu,Ukraine,Uruguay,Vanuatu,Vatican,Venezuela,VietNam,Yémen,Zambie,Zimbabwe,﻿Afghanistan,Afrique du Sud,Albanie,Algérie,Allemagne,Andorre,Angola,Antigua-et-Barbuda,Arabie Saoudite,Argentine,Arménie,Australie,Autriche,Azerbaïdjan,Bahamas,Bahreïn,Bangladesh,Barbade,Belgique,Belize,Bénin,Bhoutan,Biélorussie,Birmanie,Bolivie,Bosnie-Herzégovine,Botswana,Brésil,Brunei,Bulgarie,Burkina Faso,Burundi,Cambodge,Cameroun,Canada,Cap-Vert,Chili,Chine,Chypre,Colombie,Comores,Congo,CoréeduNord,CoréeduSud,CostaRica,Côted'Ivoire,Croatie,Cuba,Danemark,Djibouti,Dominique,Egypte,Emirats Arabes Unis,Equateur,Erythrée,Espagne,Estonie,Etats-Unis,Ethiopie,Fidji,Finlande,France,Gabon,Gambie,Géorgie,Ghana,Grèce,Grenade,Guatemala,Guinée,Guinée-Bissau,Guinéeéquatoriale,Guyana,Haïti,Honduras,Hongrie,ÎleMaurice,Inde,Indonésie,Irak,Iran,Irlande,Islande,Israël,Italie,Jamaïque,Japon,Jordanie,Kazakhstan,Kenya,Kirghizistan,Kiribati,Kosovo,Koweït,Laos,Lesotho,Lettonie,Liban,Liberia,Libye,Liechtenstein,Lituanie,Luxembourg,Macédoine,Madagascar,Malaisie,Malawi,Maldives,Mali,Malte,Maroc,Marshall,Mauritanie,Mexique,Micronésie,Moldavie,Monaco,Mongolie,Monténégro,Mozambique,Namibie,Nauru,Népal,Nicaragua,Niger,Nigeria,Norvège,Nouvelle-Zélande,Oman,Ouganda,Ouzbékistan,Pakistan,Palaos,Palestine,Panama,Papouasie-Nouvelle-Guinée,Paraguay,Pays-Bas,Pérou,Philippines,Pologne,Portugal,Qatar,République Centrafricaine,République Démocratique du Congo,République Dominicaine,République Tchèque,Roumanie,Royaume-Uni,Russie,Rwanda,Saint-Kitts-et-Nevis,Saint-Marin,Saint-Vincent-et-les-Grenadines,Sainte-Lucie,Salomon,Salvador,Samoa,Sénégal,Serbie,Seychelles,Sierra Leone,Singapour,Slovaquie,Slovénie,Somalie,Soudan,Soudan du Sud,Sri Lanka,Suède,Suisse,Suriname,Swaziland,Syrie,Tadjikistan,Taïwan,Tanzanie,Tchad,Thaïlande,Timor-Oriental,Togo,Tonga,Trinité-et-Tobago,Tunisie,Turkménistan,Turquie,Tuvalu,Ukraine,Uruguay,Vanuatu,Vatican,Venezuela,VietNam,Yémen,Zambie,Zimbabwe,]]></system-out>
  <system-err><![CDATA[]]></system-err>
</testsuite>
