<?xml version="1.0" encoding="UTF-8"?>
<testsuite name="TestMarchandise" tests="5" skipped="0" failures="0" errors="0" timestamp="2022-03-31T16:03:56" hostname="BEAST" time="0.026">
  <properties/>
  <testcase name="testCargaisonFluviale()" classname="TestMarchandise" time="0.018"/>
  <testcase name="testCargaisonRoutiere()" classname="TestMarchandise" time="0.001"/>
  <testcase name="testMarchandise()" classname="TestMarchandise" time="0.001"/>
  <testcase name="testCargaisonAérienneUrgente()" classname="TestMarchandise" time="0.003"/>
  <testcase name="testCargaisonAérienne()" classname="TestMarchandise" time="0.002"/>
  <system-out><![CDATA[]]></system-out>
  <system-err><![CDATA[]]></system-err>
</testsuite>
